ene 18, 2024 10:52:27 A. M. io.UsuarioLogger creacionUsuario
INFORMACIÓN: El usuario Pedrose ha registrado con el DNI79422334E
ene 18, 2024 10:54:56 A. M. io.UsuarioLogger inicioUsuario
INFORMACIÓN: Inicio de sesion del usuarioBilbao con DNI 79422334E
ene 18, 2024 11:06:31 A. M. io.UsuarioLogger inicioUsuario
INFORMACIÓN: Inicio de sesion del usuarioBilbao con DNI 79422334E
ene 18, 2024 4:04:13 P. M. io.UsuarioLogger inicioUsuario
INFORMACIÓN: Inicio de sesion del usuarioBilbao con DNI 79422334E
ene 18, 2024 4:06:17 P. M. io.UsuarioLogger inicioUsuario
INFORMACIÓN: Inicio de sesion del usuarioBilbao con DNI 79422334E
ene 18, 2024 4:09:52 P. M. io.UsuarioLogger inicioUsuario
INFORMACIÓN: Inicio de sesion del usuarioBilbao con DNI 79422334E
ene 18, 2024 4:11:30 P. M. io.UsuarioLogger inicioUsuario
INFORMACIÓN: Inicio de sesion del usuarioBilbao con DNI 79422334E
ene 18, 2024 4:15:08 P. M. io.UsuarioLogger inicioUsuario
INFORMACIÓN: Inicio de sesion del usuarioBilbao con DNI 79422334E
ene 18, 2024 4:37:52 P. M. io.UsuarioLogger inicioUsuario
INFORMACIÓN: Inicio de sesion del usuarioBilbao con DNI 79422334E
ene 18, 2024 4:39:18 P. M. io.UsuarioLogger inicioUsuario
INFORMACIÓN: Inicio de sesion del usuarioBilbao con DNI 79422334E
ene 18, 2024 4:43:01 P. M. io.UsuarioLogger inicioUsuario
INFORMACIÓN: Inicio de sesion del usuarioBilbao con DNI 79422334E
ene 18, 2024 4:44:00 P. M. io.UsuarioLogger inicioUsuario
INFORMACIÓN: Inicio de sesion del usuarioBilbao con DNI 79422334E
ene 18, 2024 6:00:01 P. M. io.UsuarioLogger inicioUsuario
INFORMACIÓN: Inicio de sesion del usuariouser1 con DNI 123456789A
ene 18, 2024 6:03:22 P. M. io.UsuarioLogger inicioUsuario
INFORMACIÓN: Inicio de sesion del usuariouser1 con DNI 123456789A
ene 18, 2024 6:04:16 P. M. io.UsuarioLogger inicioUsuario
INFORMACIÓN: Inicio de sesion del usuariouser1 con DNI 123456789A
ene 18, 2024 6:05:32 P. M. io.UsuarioLogger inicioUsuario
INFORMACIÓN: Inicio de sesion del usuariouser1 con DNI 123456789A
ene 18, 2024 6:07:49 P. M. io.UsuarioLogger inicioUsuario
INFORMACIÓN: Inicio de sesion del usuariouser1 con DNI 123456789A
